12-22 14:22:11 com_github_MitjaNemec_Archive3DModels.action_archive_3d_models 238:Plugin executed on: 'win32'
12-22 14:22:11 com_github_MitjaNemec_Archive3DModels.action_archive_3d_models 239:Plugin executed with python version: '3.11.5 (main, Sep 17 2025, 01:04:48) [MSC v.1944 64 bit (AMD64)]'
12-22 14:22:11 com_github_MitjaNemec_Archive3DModels.action_archive_3d_models 240:KiCad build version: 9.0.6
12-22 14:22:11 com_github_MitjaNemec_Archive3DModels.action_archive_3d_models 241:Plugin version: 1.0.15
12-22 14:22:11 com_github_MitjaNemec_Archive3DModels.action_archive_3d_models 246:Screen sizes: [wx.Size(1920, 1080), wx.Size(1920, 1200), wx.Size(1920, 1080)]
12-22 14:22:11 com_github_MitjaNemec_Archive3DModels.action_archive_3d_models 253:Dialog size: wx.Size(213, 81)
12-22 14:22:11 com_github_MitjaNemec_Archive3DModels.action_archive_3d_models 255:Char size: 15
12-22 14:22:22 com_github_MitjaNemec_Archive3DModels.archive_3d_models 30:Starting to archive 3D models
12-22 14:22:22 com_github_MitjaNemec_Archive3DModels.archive_3d_models 51:Getting 3D models for footprint of: G***
12-22 14:22:22 com_github_MitjaNemec_Archive3DModels.archive_3d_models 51:Getting 3D models for footprint of: REF**
12-22 14:22:22 com_github_MitjaNemec_Archive3DModels.archive_3d_models 51:Getting 3D models for footprint of: S1
12-22 14:22:22 com_github_MitjaNemec_Archive3DModels.archive_3d_models 63:Trying to copy: ${KIPRJMOD}\Library\3d_models/1101M2S3AQE2.stp
12-22 14:22:22 com_github_MitjaNemec_Archive3DModels.archive_3d_models 150:Remapping: ${KIPRJMOD}\Library\3d_models/1101M2S3AQE2.stp
12-22 14:22:22 com_github_MitjaNemec_Archive3DModels.archive_3d_models 51:Getting 3D models for footprint of: U1
12-22 14:22:22 com_github_MitjaNemec_Archive3DModels.archive_3d_models 63:Trying to copy: ${KIPRJMOD}\Library\3d_models/SOT-223.step
12-22 14:22:22 com_github_MitjaNemec_Archive3DModels.archive_3d_models 150:Remapping: ${KIPRJMOD}\Library\3d_models/SOT-223.step
12-22 14:22:22 com_github_MitjaNemec_Archive3DModels.archive_3d_models 51:Getting 3D models for footprint of: C7
12-22 14:22:22 com_github_MitjaNemec_Archive3DModels.archive_3d_models 63:Trying to copy: ${KIPRJMOD}\Library\3d_models/C_0603_1608Metric.wrl
12-22 14:22:22 com_github_MitjaNemec_Archive3DModels.archive_3d_models 150:Remapping: ${KIPRJMOD}\Library\3d_models/C_0603_1608Metric.wrl
12-22 14:22:22 com_github_MitjaNemec_Archive3DModels.archive_3d_models 51:Getting 3D models for footprint of: J7
12-22 14:22:22 com_github_MitjaNemec_Archive3DModels.archive_3d_models 63:Trying to copy: ${KIPRJMOD}\Library\3d_models/DF11-10DP-2DSA_24_.stp
12-22 14:22:22 com_github_MitjaNemec_Archive3DModels.archive_3d_models 150:Remapping: ${KIPRJMOD}\Library\3d_models/DF11-10DP-2DSA_24_.stp
12-22 14:22:22 com_github_MitjaNemec_Archive3DModels.archive_3d_models 51:Getting 3D models for footprint of: F2
12-22 14:22:22 com_github_MitjaNemec_Archive3DModels.archive_3d_models 63:Trying to copy: ${KIPRJMOD}\Library\3d_models/Fuse_1210_3225Metric.step
12-22 14:22:22 com_github_MitjaNemec_Archive3DModels.archive_3d_models 150:Remapping: ${KIPRJMOD}\Library\3d_models/Fuse_1210_3225Metric.step
12-22 14:22:22 com_github_MitjaNemec_Archive3DModels.archive_3d_models 51:Getting 3D models for footprint of: U4
12-22 14:22:22 com_github_MitjaNemec_Archive3DModels.archive_3d_models 63:Trying to copy: ${KIPRJMOD}\Library\3d_models/TO-252-5_TabPin3.step
12-22 14:22:22 com_github_MitjaNemec_Archive3DModels.archive_3d_models 150:Remapping: ${KIPRJMOD}\Library\3d_models/TO-252-5_TabPin3.step
12-22 14:22:22 com_github_MitjaNemec_Archive3DModels.archive_3d_models 51:Getting 3D models for footprint of: U3
12-22 14:22:22 com_github_MitjaNemec_Archive3DModels.archive_3d_models 63:Trying to copy: ${KIPRJMOD}\Library\3d_models/TO-252-5_TabPin3.step
12-22 14:22:22 com_github_MitjaNemec_Archive3DModels.archive_3d_models 150:Remapping: ${KIPRJMOD}\Library\3d_models/TO-252-5_TabPin3.step
12-22 14:22:22 com_github_MitjaNemec_Archive3DModels.archive_3d_models 51:Getting 3D models for footprint of: R12
12-22 14:22:22 com_github_MitjaNemec_Archive3DModels.archive_3d_models 63:Trying to copy: ${KIPRJMOD}\Library\3d_models/R_0603_1608Metric.wrl
12-22 14:22:22 com_github_MitjaNemec_Archive3DModels.archive_3d_models 150:Remapping: ${KIPRJMOD}\Library\3d_models/R_0603_1608Metric.wrl
12-22 14:22:22 com_github_MitjaNemec_Archive3DModels.archive_3d_models 51:Getting 3D models for footprint of: R11
12-22 14:22:22 com_github_MitjaNemec_Archive3DModels.archive_3d_models 63:Trying to copy: ${KICAD6_3DMODEL_DIR}/Resistor_SMD.3dshapes/R_0603_1608Metric.wrl
12-22 14:22:22 com_github_MitjaNemec_Archive3DModels.archive_3d_models 146:Did not copy: ${KICAD6_3DMODEL_DIR}/Resistor_SMD.3dshapes/R_0603_1608Metric.wrl
12-22 14:22:22 com_github_MitjaNemec_Archive3DModels.archive_3d_models 150:Remapping: ${KICAD6_3DMODEL_DIR}/Resistor_SMD.3dshapes/R_0603_1608Metric.wrl
12-22 14:22:22 com_github_MitjaNemec_Archive3DModels.archive_3d_models 51:Getting 3D models for footprint of: R10
12-22 14:22:22 com_github_MitjaNemec_Archive3DModels.archive_3d_models 63:Trying to copy: ${KICAD6_3DMODEL_DIR}/Resistor_SMD.3dshapes/R_0603_1608Metric.wrl
12-22 14:22:22 com_github_MitjaNemec_Archive3DModels.archive_3d_models 146:Did not copy: ${KICAD6_3DMODEL_DIR}/Resistor_SMD.3dshapes/R_0603_1608Metric.wrl
12-22 14:22:22 com_github_MitjaNemec_Archive3DModels.archive_3d_models 150:Remapping: ${KICAD6_3DMODEL_DIR}/Resistor_SMD.3dshapes/R_0603_1608Metric.wrl
12-22 14:22:22 com_github_MitjaNemec_Archive3DModels.archive_3d_models 51:Getting 3D models for footprint of: FID3
12-22 14:22:22 com_github_MitjaNemec_Archive3DModels.archive_3d_models 51:Getting 3D models for footprint of: FID2
12-22 14:22:22 com_github_MitjaNemec_Archive3DModels.archive_3d_models 51:Getting 3D models for footprint of: FID1
12-22 14:22:22 com_github_MitjaNemec_Archive3DModels.archive_3d_models 51:Getting 3D models for footprint of: F1
12-22 14:22:22 com_github_MitjaNemec_Archive3DModels.archive_3d_models 63:Trying to copy: ${KICAD9_3DMODEL_DIR}/Fuse.3dshapes/Fuse_1210_3225Metric.step
12-22 14:22:22 com_github_MitjaNemec_Archive3DModels.archive_3d_models 146:Did not copy: ${KICAD9_3DMODEL_DIR}/Fuse.3dshapes/Fuse_1210_3225Metric.step
12-22 14:22:22 com_github_MitjaNemec_Archive3DModels.archive_3d_models 150:Remapping: ${KICAD9_3DMODEL_DIR}/Fuse.3dshapes/Fuse_1210_3225Metric.step
12-22 14:22:22 com_github_MitjaNemec_Archive3DModels.archive_3d_models 51:Getting 3D models for footprint of: J6
12-22 14:22:22 com_github_MitjaNemec_Archive3DModels.archive_3d_models 63:Trying to copy: ${KIPRJMOD}\Library\3d_models/DF11-10DP-2DSA_24_.stp
12-22 14:22:22 com_github_MitjaNemec_Archive3DModels.archive_3d_models 150:Remapping: ${KIPRJMOD}\Library\3d_models/DF11-10DP-2DSA_24_.stp
12-22 14:22:22 com_github_MitjaNemec_Archive3DModels.archive_3d_models 51:Getting 3D models for footprint of: R9
12-22 14:22:22 com_github_MitjaNemec_Archive3DModels.archive_3d_models 63:Trying to copy: ${KICAD6_3DMODEL_DIR}/Resistor_SMD.3dshapes/R_0603_1608Metric.wrl
12-22 14:22:22 com_github_MitjaNemec_Archive3DModels.archive_3d_models 146:Did not copy: ${KICAD6_3DMODEL_DIR}/Resistor_SMD.3dshapes/R_0603_1608Metric.wrl
12-22 14:22:22 com_github_MitjaNemec_Archive3DModels.archive_3d_models 150:Remapping: ${KICAD6_3DMODEL_DIR}/Resistor_SMD.3dshapes/R_0603_1608Metric.wrl
12-22 14:22:22 com_github_MitjaNemec_Archive3DModels.archive_3d_models 51:Getting 3D models for footprint of: C5
12-22 14:22:22 com_github_MitjaNemec_Archive3DModels.archive_3d_models 63:Trying to copy: ${KICAD6_3DMODEL_DIR}/Capacitor_SMD.3dshapes/C_0603_1608Metric.wrl
12-22 14:22:22 com_github_MitjaNemec_Archive3DModels.archive_3d_models 146:Did not copy: ${KICAD6_3DMODEL_DIR}/Capacitor_SMD.3dshapes/C_0603_1608Metric.wrl
12-22 14:22:22 com_github_MitjaNemec_Archive3DModels.archive_3d_models 150:Remapping: ${KICAD6_3DMODEL_DIR}/Capacitor_SMD.3dshapes/C_0603_1608Metric.wrl
12-22 14:22:22 com_github_MitjaNemec_Archive3DModels.archive_3d_models 51:Getting 3D models for footprint of: R8
12-22 14:22:22 com_github_MitjaNemec_Archive3DModels.archive_3d_models 63:Trying to copy: ${KICAD6_3DMODEL_DIR}/Resistor_SMD.3dshapes/R_0603_1608Metric.wrl
12-22 14:22:22 com_github_MitjaNemec_Archive3DModels.archive_3d_models 146:Did not copy: ${KICAD6_3DMODEL_DIR}/Resistor_SMD.3dshapes/R_0603_1608Metric.wrl
12-22 14:22:22 com_github_MitjaNemec_Archive3DModels.archive_3d_models 150:Remapping: ${KICAD6_3DMODEL_DIR}/Resistor_SMD.3dshapes/R_0603_1608Metric.wrl
12-22 14:22:22 com_github_MitjaNemec_Archive3DModels.archive_3d_models 51:Getting 3D models for footprint of: MH1
12-22 14:22:22 com_github_MitjaNemec_Archive3DModels.archive_3d_models 51:Getting 3D models for footprint of: C2
12-22 14:22:22 com_github_MitjaNemec_Archive3DModels.archive_3d_models 63:Trying to copy: ${KICAD6_3DMODEL_DIR}/Capacitor_SMD.3dshapes/C_0603_1608Metric.wrl
12-22 14:22:22 com_github_MitjaNemec_Archive3DModels.archive_3d_models 146:Did not copy: ${KICAD6_3DMODEL_DIR}/Capacitor_SMD.3dshapes/C_0603_1608Metric.wrl
12-22 14:22:22 com_github_MitjaNemec_Archive3DModels.archive_3d_models 150:Remapping: ${KICAD6_3DMODEL_DIR}/Capacitor_SMD.3dshapes/C_0603_1608Metric.wrl
12-22 14:22:22 com_github_MitjaNemec_Archive3DModels.archive_3d_models 51:Getting 3D models for footprint of: R1
12-22 14:22:22 com_github_MitjaNemec_Archive3DModels.archive_3d_models 63:Trying to copy: ${KICAD6_3DMODEL_DIR}/Resistor_SMD.3dshapes/R_0603_1608Metric.wrl
12-22 14:22:22 com_github_MitjaNemec_Archive3DModels.archive_3d_models 146:Did not copy: ${KICAD6_3DMODEL_DIR}/Resistor_SMD.3dshapes/R_0603_1608Metric.wrl
12-22 14:22:22 com_github_MitjaNemec_Archive3DModels.archive_3d_models 150:Remapping: ${KICAD6_3DMODEL_DIR}/Resistor_SMD.3dshapes/R_0603_1608Metric.wrl
12-22 14:22:22 com_github_MitjaNemec_Archive3DModels.archive_3d_models 51:Getting 3D models for footprint of: J3
12-22 14:22:22 com_github_MitjaNemec_Archive3DModels.archive_3d_models 63:Trying to copy: ${KIPRJMOD}\Library\3d_models/502352-0301.stp
12-22 14:22:22 com_github_MitjaNemec_Archive3DModels.archive_3d_models 150:Remapping: ${KIPRJMOD}\Library\3d_models/502352-0301.stp
12-22 14:22:22 com_github_MitjaNemec_Archive3DModels.archive_3d_models 51:Getting 3D models for footprint of: J4
12-22 14:22:22 com_github_MitjaNemec_Archive3DModels.archive_3d_models 63:Trying to copy: ${KIPRJMOD}\Library\3d_models/502352-0301.stp
12-22 14:22:22 com_github_MitjaNemec_Archive3DModels.archive_3d_models 150:Remapping: ${KIPRJMOD}\Library\3d_models/502352-0301.stp
12-22 14:22:22 com_github_MitjaNemec_Archive3DModels.archive_3d_models 51:Getting 3D models for footprint of: C3
12-22 14:22:22 com_github_MitjaNemec_Archive3DModels.archive_3d_models 63:Trying to copy: ${KICAD6_3DMODEL_DIR}/Capacitor_SMD.3dshapes/C_0603_1608Metric.wrl
12-22 14:22:22 com_github_MitjaNemec_Archive3DModels.archive_3d_models 146:Did not copy: ${KICAD6_3DMODEL_DIR}/Capacitor_SMD.3dshapes/C_0603_1608Metric.wrl
12-22 14:22:22 com_github_MitjaNemec_Archive3DModels.archive_3d_models 150:Remapping: ${KICAD6_3DMODEL_DIR}/Capacitor_SMD.3dshapes/C_0603_1608Metric.wrl
12-22 14:22:22 com_github_MitjaNemec_Archive3DModels.archive_3d_models 51:Getting 3D models for footprint of: R3
12-22 14:22:22 com_github_MitjaNemec_Archive3DModels.archive_3d_models 63:Trying to copy: ${KICAD6_3DMODEL_DIR}/Resistor_SMD.3dshapes/R_0603_1608Metric.wrl
12-22 14:22:22 com_github_MitjaNemec_Archive3DModels.archive_3d_models 146:Did not copy: ${KICAD6_3DMODEL_DIR}/Resistor_SMD.3dshapes/R_0603_1608Metric.wrl
12-22 14:22:22 com_github_MitjaNemec_Archive3DModels.archive_3d_models 150:Remapping: ${KICAD6_3DMODEL_DIR}/Resistor_SMD.3dshapes/R_0603_1608Metric.wrl
12-22 14:22:22 com_github_MitjaNemec_Archive3DModels.archive_3d_models 51:Getting 3D models for footprint of: LED1
12-22 14:22:22 com_github_MitjaNemec_Archive3DModels.archive_3d_models 63:Trying to copy: ${KIPRJMOD}\Library\3d_models/LED_0603_1608Metric.step
12-22 14:22:22 com_github_MitjaNemec_Archive3DModels.archive_3d_models 150:Remapping: ${KIPRJMOD}\Library\3d_models/LED_0603_1608Metric.step
12-22 14:22:22 com_github_MitjaNemec_Archive3DModels.archive_3d_models 51:Getting 3D models for footprint of: R7
12-22 14:22:22 com_github_MitjaNemec_Archive3DModels.archive_3d_models 63:Trying to copy: ${KICAD6_3DMODEL_DIR}/Resistor_SMD.3dshapes/R_0603_1608Metric.wrl
12-22 14:22:22 com_github_MitjaNemec_Archive3DModels.archive_3d_models 146:Did not copy: ${KICAD6_3DMODEL_DIR}/Resistor_SMD.3dshapes/R_0603_1608Metric.wrl
12-22 14:22:22 com_github_MitjaNemec_Archive3DModels.archive_3d_models 150:Remapping: ${KICAD6_3DMODEL_DIR}/Resistor_SMD.3dshapes/R_0603_1608Metric.wrl
12-22 14:22:22 com_github_MitjaNemec_Archive3DModels.archive_3d_models 51:Getting 3D models for footprint of: C6
12-22 14:22:22 com_github_MitjaNemec_Archive3DModels.archive_3d_models 63:Trying to copy: ${KICAD6_3DMODEL_DIR}/Capacitor_SMD.3dshapes/C_0603_1608Metric.wrl
12-22 14:22:22 com_github_MitjaNemec_Archive3DModels.archive_3d_models 146:Did not copy: ${KICAD6_3DMODEL_DIR}/Capacitor_SMD.3dshapes/C_0603_1608Metric.wrl
12-22 14:22:22 com_github_MitjaNemec_Archive3DModels.archive_3d_models 150:Remapping: ${KICAD6_3DMODEL_DIR}/Capacitor_SMD.3dshapes/C_0603_1608Metric.wrl
12-22 14:22:22 com_github_MitjaNemec_Archive3DModels.archive_3d_models 51:Getting 3D models for footprint of: MH4
12-22 14:22:22 com_github_MitjaNemec_Archive3DModels.archive_3d_models 51:Getting 3D models for footprint of: R6
12-22 14:22:22 com_github_MitjaNemec_Archive3DModels.archive_3d_models 63:Trying to copy: ${KICAD6_3DMODEL_DIR}/Resistor_SMD.3dshapes/R_0603_1608Metric.wrl
12-22 14:22:22 com_github_MitjaNemec_Archive3DModels.archive_3d_models 146:Did not copy: ${KICAD6_3DMODEL_DIR}/Resistor_SMD.3dshapes/R_0603_1608Metric.wrl
12-22 14:22:22 com_github_MitjaNemec_Archive3DModels.archive_3d_models 150:Remapping: ${KICAD6_3DMODEL_DIR}/Resistor_SMD.3dshapes/R_0603_1608Metric.wrl
12-22 14:22:22 com_github_MitjaNemec_Archive3DModels.archive_3d_models 51:Getting 3D models for footprint of: J5
12-22 14:22:22 com_github_MitjaNemec_Archive3DModels.archive_3d_models 63:Trying to copy: ${KIPRJMOD}\Library\3d_models/502352-0301.stp
12-22 14:22:22 com_github_MitjaNemec_Archive3DModels.archive_3d_models 150:Remapping: ${KIPRJMOD}\Library\3d_models/502352-0301.stp
12-22 14:22:22 com_github_MitjaNemec_Archive3DModels.archive_3d_models 51:Getting 3D models for footprint of: R5
12-22 14:22:22 com_github_MitjaNemec_Archive3DModels.archive_3d_models 63:Trying to copy: ${KICAD6_3DMODEL_DIR}/Resistor_SMD.3dshapes/R_0603_1608Metric.wrl
12-22 14:22:22 com_github_MitjaNemec_Archive3DModels.archive_3d_models 146:Did not copy: ${KICAD6_3DMODEL_DIR}/Resistor_SMD.3dshapes/R_0603_1608Metric.wrl
12-22 14:22:22 com_github_MitjaNemec_Archive3DModels.archive_3d_models 150:Remapping: ${KICAD6_3DMODEL_DIR}/Resistor_SMD.3dshapes/R_0603_1608Metric.wrl
12-22 14:22:22 com_github_MitjaNemec_Archive3DModels.archive_3d_models 51:Getting 3D models for footprint of: MH2
12-22 14:22:22 com_github_MitjaNemec_Archive3DModels.archive_3d_models 51:Getting 3D models for footprint of: C4
12-22 14:22:22 com_github_MitjaNemec_Archive3DModels.archive_3d_models 63:Trying to copy: ${KICAD6_3DMODEL_DIR}/Capacitor_SMD.3dshapes/C_0603_1608Metric.wrl
12-22 14:22:22 com_github_MitjaNemec_Archive3DModels.archive_3d_models 146:Did not copy: ${KICAD6_3DMODEL_DIR}/Capacitor_SMD.3dshapes/C_0603_1608Metric.wrl
12-22 14:22:22 com_github_MitjaNemec_Archive3DModels.archive_3d_models 150:Remapping: ${KICAD6_3DMODEL_DIR}/Capacitor_SMD.3dshapes/C_0603_1608Metric.wrl
12-22 14:22:22 com_github_MitjaNemec_Archive3DModels.archive_3d_models 51:Getting 3D models for footprint of: J2
12-22 14:22:22 com_github_MitjaNemec_Archive3DModels.archive_3d_models 63:Trying to copy: ${KIPRJMOD}\Library\3d_models/2060-452_998-404.stp
12-22 14:22:22 com_github_MitjaNemec_Archive3DModels.archive_3d_models 150:Remapping: ${KIPRJMOD}\Library\3d_models/2060-452_998-404.stp
12-22 14:22:22 com_github_MitjaNemec_Archive3DModels.archive_3d_models 51:Getting 3D models for footprint of: J1
12-22 14:22:22 com_github_MitjaNemec_Archive3DModels.archive_3d_models 63:Trying to copy: ${KIPRJMOD}\Library\3d_models/XT30PW-M.stp
12-22 14:22:22 com_github_MitjaNemec_Archive3DModels.archive_3d_models 150:Remapping: ${KIPRJMOD}\Library\3d_models/XT30PW-M.stp
12-22 14:22:22 com_github_MitjaNemec_Archive3DModels.archive_3d_models 51:Getting 3D models for footprint of: C1
12-22 14:22:22 com_github_MitjaNemec_Archive3DModels.archive_3d_models 63:Trying to copy: ${KICAD6_3DMODEL_DIR}/Capacitor_SMD.3dshapes/C_0603_1608Metric.wrl
12-22 14:22:22 com_github_MitjaNemec_Archive3DModels.archive_3d_models 146:Did not copy: ${KICAD6_3DMODEL_DIR}/Capacitor_SMD.3dshapes/C_0603_1608Metric.wrl
12-22 14:22:22 com_github_MitjaNemec_Archive3DModels.archive_3d_models 150:Remapping: ${KICAD6_3DMODEL_DIR}/Capacitor_SMD.3dshapes/C_0603_1608Metric.wrl
12-22 14:22:22 com_github_MitjaNemec_Archive3DModels.archive_3d_models 51:Getting 3D models for footprint of: R2
12-22 14:22:22 com_github_MitjaNemec_Archive3DModels.archive_3d_models 63:Trying to copy: ${KICAD6_3DMODEL_DIR}/Resistor_SMD.3dshapes/R_0603_1608Metric.wrl
12-22 14:22:22 com_github_MitjaNemec_Archive3DModels.archive_3d_models 146:Did not copy: ${KICAD6_3DMODEL_DIR}/Resistor_SMD.3dshapes/R_0603_1608Metric.wrl
12-22 14:22:22 com_github_MitjaNemec_Archive3DModels.archive_3d_models 150:Remapping: ${KICAD6_3DMODEL_DIR}/Resistor_SMD.3dshapes/R_0603_1608Metric.wrl
12-22 14:22:22 com_github_MitjaNemec_Archive3DModels.archive_3d_models 51:Getting 3D models for footprint of: MH3
12-22 14:22:22 com_github_MitjaNemec_Archive3DModels.archive_3d_models 51:Getting 3D models for footprint of: U2
12-22 14:22:22 com_github_MitjaNemec_Archive3DModels.archive_3d_models 63:Trying to copy: ${KIPRJMOD}\Library\3d_models/HTSOP-8-1EP_3.9x4.9mm_P1.27mm_EP2.4x3.2mm.wrl
12-22 14:22:22 com_github_MitjaNemec_Archive3DModels.archive_3d_models 150:Remapping: ${KIPRJMOD}\Library\3d_models/HTSOP-8-1EP_3.9x4.9mm_P1.27mm_EP2.4x3.2mm.wrl
12-22 14:22:22 com_github_MitjaNemec_Archive3DModels.archive_3d_models 164:Did not succeed to copy 3D models!
('R11', '${KICAD6_3DMODEL_DIR}\\Resistor_SMD.3dshapes\\R_0603_1608Metric.wrl')
('R10', '${KICAD6_3DMODEL_DIR}\\Resistor_SMD.3dshapes\\R_0603_1608Metric.wrl')
('F1', '${KICAD9_3DMODEL_DIR}\\Fuse.3dshapes\\Fuse_1210_3225Metric.step')
('R9', '${KICAD6_3DMODEL_DIR}\\Resistor_SMD.3dshapes\\R_0603_1608Metric.wrl')
('C5', '${KICAD6_3DMODEL_DIR}\\Capacitor_SMD.3dshapes\\C_0603_1608Metric.wrl')
('R8', '${KICAD6_3DMODEL_DIR}\\Resistor_SMD.3dshapes\\R_0603_1608Metric.wrl')
('C2', '${KICAD6_3DMODEL_DIR}\\Capacitor_SMD.3dshapes\\C_0603_1608Metric.wrl')
('R1', '${KICAD6_3DMODEL_DIR}\\Resistor_SMD.3dshapes\\R_0603_1608Metric.wrl')
('C3', '${KICAD6_3DMODEL_DIR}\\Capacitor_SMD.3dshapes\\C_0603_1608Metric.wrl')
('R3', '${KICAD6_3DMODEL_DIR}\\Resistor_SMD.3dshapes\\R_0603_1608Metric.wrl')
('R7', '${KICAD6_3DMODEL_DIR}\\Resistor_SMD.3dshapes\\R_0603_1608Metric.wrl')
('C6', '${KICAD6_3DMODEL_DIR}\\Capacitor_SMD.3dshapes\\C_0603_1608Metric.wrl')
('R6', '${KICAD6_3DMODEL_DIR}\\Resistor_SMD.3dshapes\\R_0603_1608Metric.wrl')
('R5', '${KICAD6_3DMODEL_DIR}\\Resistor_SMD.3dshapes\\R_0603_1608Metric.wrl')
('C4', '${KICAD6_3DMODEL_DIR}\\Capacitor_SMD.3dshapes\\C_0603_1608Metric.wrl')
('C1', '${KICAD6_3DMODEL_DIR}\\Capacitor_SMD.3dshapes\\C_0603_1608Metric.wrl')
('R2', '${KICAD6_3DMODEL_DIR}\\Resistor_SMD.3dshapes\\R_0603_1608Metric.wrl')
